Copyright 1986-2021 Xilinx, Inc. All Rights Reserved.
------------------------------------------------------------------------------------
| Tool Version : Vivado v.2021.1 (win64) Build 3247384 Thu Jun 10 19:36:33 MDT 2021
| Date         : Sun Mar  8 20:00:15 2026
| Host         : DESKTOP-0G8LKRK running 64-bit major release  (build 9200)
| Command      : report_control_sets -verbose -file top_control_sets_placed.rpt
| Design       : top
| Device       : xc7a35t
------------------------------------------------------------------------------------

Control Set Information

Table of Contents
-----------------
1. Summary
2. Histogram
3. Flip-Flop Distribution
4. Detailed Control Set Information

1. Summary
----------

+----------------------------------------------------------+-------+
|                          Status                          | Count |
+----------------------------------------------------------+-------+
| Total control sets                                       |    18 |
|    Minimum number of control sets                        |    18 |
|    Addition due to synthesis replication                 |     0 |
|    Addition due to physical synthesis replication        |     0 |
| Unused register locations in slices containing registers |    48 |
+----------------------------------------------------------+-------+
* Control sets can be merged at opt_design using control_set_merge or merge_equivalent_drivers
** Run report_qor_suggestions for automated merging and remapping suggestions


2. Histogram
------------

+--------------------+-------+
|       Fanout       | Count |
+--------------------+-------+
| Total control sets |    18 |
| >= 0 to < 4        |     3 |
| >= 4 to < 6        |     3 |
| >= 6 to < 8        |     6 |
| >= 8 to < 10       |     1 |
| >= 10 to < 12      |     0 |
| >= 12 to < 14      |     0 |
| >= 14 to < 16      |     0 |
| >= 16              |     5 |
+--------------------+-------+
* Control sets can be remapped at either synth_design or opt_design


3. Flip-Flop Distribution
-------------------------

+--------------+-----------------------+------------------------+-----------------+--------------+
| Clock Enable | Synchronous Set/Reset | Asynchronous Set/Reset | Total Registers | Total Slices |
+--------------+-----------------------+------------------------+-----------------+--------------+
| No           | No                    | No                     |               9 |            4 |
| No           | No                    | Yes                    |             128 |           35 |
| No           | Yes                   | No                     |               0 |            0 |
| Yes          | No                    | No                     |               0 |            0 |
| Yes          | No                    | Yes                    |             151 |           49 |
| Yes          | Yes                   | No                     |               0 |            0 |
+--------------+-----------------------+------------------------+-----------------+--------------+


4. Detailed Control Set Information
-----------------------------------

+----------------+---------------------------------------------------------------+------------------+------------------+----------------+--------------+
|  Clock Signal  |                         Enable Signal                         | Set/Reset Signal | Slice Load Count | Bel Load Count | Bels / Slice |
+----------------+---------------------------------------------------------------+------------------+------------------+----------------+--------------+
|  clk_IBUF_BUFG | u_uart_controller/u_uart_tx/tx_i_1_n_0                        | reset_IBUF       |                1 |              1 |         1.00 |
|  clk_IBUF_BUFG | u_btn_debouncer/btn_state                                     | reset_IBUF       |                1 |              1 |         1.00 |
|  clk_IBUF_BUFG | u_ds1302/u_ds1302_main_logic/bit_cnt[2]_i_1_n_0               | reset_IBUF       |                1 |              3 |         3.00 |
|  clk_IBUF_BUFG | u_uart_controller/u_data_sender/byte_cnt                      | reset_IBUF       |                1 |              4 |         4.00 |
|  clk_IBUF_BUFG | u_uart_controller/u_uart_tx/r_bit_cnt                         | reset_IBUF       |                1 |              4 |         4.00 |
|  clk_IBUF_BUFG | u_ds1302/u_ds1302_main_logic/cmd_reg0                         | reset_IBUF       |                2 |              4 |         2.00 |
|  clk_IBUF_BUFG | u_dht_controller/u_dht11_main_logic/data_bit_cnt[5]_i_1_n_0   | reset_IBUF       |                2 |              6 |         3.00 |
|  clk_IBUF_BUFG | u_ds1302/u_ds1302_main_logic/state[2]_i_1_n_0                 | reset_IBUF       |                2 |              6 |         3.00 |
|  clk_IBUF_BUFG | u_uart_controller/u_data_sender/tx_data[6]_i_1_n_0            | reset_IBUF       |                3 |              7 |         2.33 |
|  clk_IBUF_BUFG | u_uart_controller/u_uart_tx/r_data                            | reset_IBUF       |                1 |              7 |         7.00 |
|  clk_IBUF_BUFG | u_ds1302/u_ds1302_main_logic/o_sec0                           | reset_IBUF       |                3 |              7 |         2.33 |
|  clk_IBUF_BUFG | u_ds1302/u_ds1302_main_logic/o_min0                           | reset_IBUF       |                3 |              7 |         2.33 |
|  clk_IBUF_BUFG |                                                               |                  |                4 |              9 |         2.25 |
|  clk_IBUF_BUFG | u_dht_controller/u_dht11_main_logic/high_time_cnt[15]_i_1_n_0 | reset_IBUF       |                5 |             16 |         3.20 |
|  clk_IBUF_BUFG | u_dht_controller/u_dht11_main_logic/hum_int[7]_i_1_n_0        | reset_IBUF       |                7 |             16 |         2.29 |
|  clk_IBUF_BUFG | u_dht_controller/u_dht11_main_logic/counter[21]_i_1_n_0       | reset_IBUF       |                6 |             22 |         3.67 |
|  clk_IBUF_BUFG | u_dht_controller/u_dht11_main_logic/data[39]_i_1_n_0          | reset_IBUF       |               10 |             40 |         4.00 |
|  clk_IBUF_BUFG |                                                               | reset_IBUF       |               35 |            128 |         3.66 |
+----------------+---------------------------------------------------------------+------------------+------------------+----------------+--------------+


